<?xml version="1.0" encoding="UTF-8"?>
<!-- Generated by org.testng.reporters.JUnitReportReporter -->
<testsuite hostname="LAPTOP-THQERG1I" failures="0" tests="1" name="Testcases.VerifySignup" time="19.114" errors="0" timestamp="2023-05-05T19:15:13 IST" skipped="0">
  <testcase classname="Testcases.VerifySignup" name="signup" time="19.114"/>
  <system-out/>
</testsuite> <!-- Testcases.VerifySignup -->
