<?xml version="1.0" encoding="UTF-8"?>
<!-- Generated by org.testng.reporters.JUnitReportReporter -->
<testsuite hostname="LAPTOP-THQERG1I" failures="0" tests="1" name="Testcases.VerifyLogin" time="5.626" errors="0" timestamp="2023-04-26T21:13:55 IST" skipped="0">
  <testcase classname="Testcases.VerifyLogin" name="login" time="5.626"/>
  <system-out/>
</testsuite> <!-- Testcases.VerifyLogin -->
