<?xml version="1.0" encoding="UTF-8"?>
<!-- Generated by org.testng.reporters.JUnitReportReporter -->
<testsuite hostname="LAPTOP-THQERG1I" failures="0" tests="1" name="Testcases.VerifySignup" time="10.569" errors="0" timestamp="2023-04-26T21:29:18 IST" skipped="0">
  <testcase classname="Testcases.VerifySignup" name="signup" time="10.569"/>
  <system-out/>
</testsuite> <!-- Testcases.VerifySignup -->
