<?xml version="1.0" encoding="UTF-8"?>
<!-- Generated by org.testng.reporters.JUnitReportReporter -->
<testsuite hostname="LAPTOP-THQERG1I" failures="0" tests="1" name="Testcases.VerifyLogin" time="19.419" errors="0" timestamp="2023-05-05T19:15:13 IST" skipped="0">
  <testcase classname="Testcases.VerifyLogin" name="login" time="19.419"/>
  <system-out/>
</testsuite> <!-- Testcases.VerifyLogin -->
