<?xml version="1.0" encoding="UTF-8"?>
<!-- Generated by org.testng.reporters.JUnitReportReporter -->
<testsuite hostname="LAPTOP-THQERG1I" failures="0" tests="1" name="Testcases.VerifySignup" time="24.898" errors="0" timestamp="2023-05-14T12:46:34 IST" skipped="0">
  <testcase classname="Testcases.VerifySignup" name="signup" time="24.898"/>
  <system-out/>
</testsuite> <!-- Testcases.VerifySignup -->
